<?xml version="1.0" encoding="UTF-8"?>
<!-- Generated by org.testng.reporters.JUnitReportReporter -->
<testsuite hostname="DESKTOP-DDAGKC0" failures="0" tests="4" name="testCases.TC003_LoginDDT" time="52.716" errors="0" timestamp="2024-10-21T17:10:50 EDT" skipped="0">
  <testcase classname="testCases.TC003_LoginDDT" name="verify_loginDDT" time="17.421"/>
  <testcase classname="testCases.TC003_LoginDDT" name="verify_loginDDT" time="8.403"/>
  <testcase classname="testCases.TC003_LoginDDT" name="verify_loginDDT" time="17.295"/>
  <testcase classname="testCases.TC003_LoginDDT" name="verify_loginDDT" time="9.597"/>
</testsuite> <!-- testCases.TC003_LoginDDT -->
