<?xml version="1.0" encoding="UTF-8"?>
<!-- Generated by org.testng.reporters.JUnitReportReporter -->
<testsuite hostname="DESKTOP-DDAGKC0" failures="0" tests="1" name="testCases.TC002_LoginTest" time="1.771" errors="0" timestamp="2024-10-26T03:13:44 EDT" skipped="0">
  <testcase classname="testCases.TC002_LoginTest" name="verify_login" time="1.771"/>
</testsuite> <!-- testCases.TC002_LoginTest -->
